{"url":"http://localhost:9000/index.php?path=/Documentation/Manual","title":"This is a titke","repository":"LINDAT/CLARIN digital library at the Institute of Formal and Applied Linguistics, Charles University in Prague","submitdate":"2016-12-17T20:18:37Z","reportemail":"nix@nix.de","subprefix":"nix","token":"de3ccde4-27ad-49c4-88f9-476a692b3bba","handle":"http://hdl.handle.net/11346/nix-C6MJ"}
http://hdl.handle.net/11346/nix-C6MJ written to: /pid.txt
{"url":"http://localhost:9000/index.php?path=/Documentation/Manual","title":"This is a titke","repository":"LINDAT/CLARIN digital library at the Institute of Formal and Applied Linguistics, Charles University in Prague","submitdate":"2016-12-17T20:18:37Z","reportemail":"nix@nix.de","subprefix":"nix","token":"de3ccde4-27ad-49c4-88f9-476a692b3bba","handle":"http://hdl.handle.net/11346/nix-C6MJ"}
http://hdl.handle.net/11346/nix-C6MJ written to: /pid.txt
{"url":"http://localhost:9000/index.php?path=/Documentation/Manual","title":"This is a titke","repository":"LINDAT/CLARIN digital library at the Institute of Formal and Applied Linguistics, Charles University in Prague","submitdate":"2016-12-17T20:18:37Z","reportemail":"nix@nix.de","subprefix":"nix","token":"de3ccde4-27ad-49c4-88f9-476a692b3bba","handle":"http://hdl.handle.net/11346/nix-C6MJ"}
http://hdl.handle.net/11346/nix-C6MJ written to: /pid.txt
{"url":"http://localhost:9000/index.php?path=/Documentation/Manual","title":"This is a titke","repository":"LINDAT/CLARIN digital library at the Institute of Formal and Applied Linguistics, Charles University in Prague","submitdate":"2016-12-17T20:18:37Z","reportemail":"nix@nix.de","subprefix":"nix","token":"de3ccde4-27ad-49c4-88f9-476a692b3bba","handle":"http://hdl.handle.net/11346/nix-C6MJ"}
http://hdl.handle.net/11346/nix-C6MJ written to: /pid.txt
{"url":"http://localhost:9000/index.php?path=/Documentation/Manual","title":"This is a titke","repository":"LINDAT/CLARIN digital library at the Institute of Formal and Applied Linguistics, Charles University in Prague","submitdate":"2016-12-17T20:18:37Z","reportemail":"nix@nix.de","subprefix":"nix","token":"de3ccde4-27ad-49c4-88f9-476a692b3bba","handle":"http://hdl.handle.net/11346/nix-C6MJ"}
http://hdl.handle.net/11346/nix-C6MJ written to: /pid.txt
{"url":"http://localhost:9000/index.php?path=/Documentation/Manual","title":"This is a titke","repository":"LINDAT/CLARIN digital library at the Institute of Formal and Applied Linguistics, Charles University in Prague","submitdate":"2016-12-17T20:18:37Z","reportemail":"nix@nix.de","subprefix":"nix","token":"de3ccde4-27ad-49c4-88f9-476a692b3bba","handle":"http://hdl.handle.net/11346/nix-C6MJ"}
http://hdl.handle.net/11346/nix-C6MJ written to: /Documentation/Manual/pid.txt
{"url":"http://localhost:9000/index.php?path=/Documentation/Manual","title":"This is a titke","repository":"LINDAT/CLARIN digital library at the Institute of Formal and Applied Linguistics, Charles University in Prague","submitdate":"2016-12-17T20:18:37Z","reportemail":"nix@nix.de","subprefix":"nix","token":"de3ccde4-27ad-49c4-88f9-476a692b3bba","handle":"http://hdl.handle.net/11346/nix-C6MJ"}
http://hdl.handle.net/11346/nix-C6MJ written to: /Documentation/Manual/pid.txt
{"url":"http://localhost:9000/index.php?path=/Documentation/Manual","title":"This is a titke","repository":"LINDAT/CLARIN digital library at the Institute of Formal and Applied Linguistics, Charles University in Prague","submitdate":"2016-12-17T20:18:37Z","reportemail":"nix@nix.de","subprefix":"nix","token":"de3ccde4-27ad-49c4-88f9-476a692b3bba","handle":"http://hdl.handle.net/11346/nix-C6MJ"}
http://hdl.handle.net/11346/nix-C6MJ written to: /Documentation/RDA-DE-Treffen-2016/pid.txt
{"url":"http://localhost:9000/index.php?path=/Documentation/Manual","title":"This is a titke","repository":"LINDAT/CLARIN digital library at the Institute of Formal and Applied Linguistics, Charles University in Prague","submitdate":"2016-12-17T20:18:37Z","reportemail":"nix@nix.de","subprefix":"nix","token":"de3ccde4-27ad-49c4-88f9-476a692b3bba","handle":"http://hdl.handle.net/11346/nix-C6MJ"}
http://hdl.handle.net/11346/nix-C6MJ written to: /Documentation/RDA-DE-Treffen-2016/pid.txt
--------------------------
{"url":"http://localhost:9000/index.php?path=/Photos/Flowers","title":"A Title","repository":"LINDAT/CLARIN digital library at the Institute of Formal and Applied Linguistics, Charles University in Prague","submitdate":"2016-12-18T21:33:04Z","reportemail":"thomas.zastrowqmpcdf.mpg.de","subprefix":"rda","token":"0221503c-be23-48fd-9383-f7e47c3d18f9","handle":"http://hdl.handle.net/11346/rda-LYNX"}
http://hdl.handle.net/11346/rda-LYNX written to: /Photos/Flowers/pid.txt
--------------------------
